<?xml version="1.0" encoding="UTF-8"?>
<!-- Generated by org.testng.reporters.JUnitReportReporter -->
<testsuite hostname="LAPTOPCUAKHANG" failures="0" tests="3" name="com.poly.kiemthu.RegisterTest" time="1.547" errors="0" timestamp="21 Feb 2025 01:21:13 GMT">
  <testcase classname="com.poly.kiemthu.RegisterTest" name="testRegister_Success" time="0.067"/>
  <testcase classname="com.poly.kiemthu.RegisterTest" name="testRegister_EmailExists" time="1.423"/>
  <testcase classname="com.poly.kiemthu.RegisterTest" name="testRegister_UsernameExists" time="0.057"/>
</testsuite> <!-- com.poly.kiemthu.RegisterTest -->
